2021-11-23 16:18:58 INFO  Overridden
2021-11-23 16:19:22 INFO  Overridden
2021-11-23 16:19:33 INFO  Overridden
2021-11-23 16:19:57 INFO  Overridden
2021-12-07 14:07:11 INFO  Logging initialized @3177ms to org.eclipse.jetty.util.log.Slf4jLog
2021-12-07 14:07:12 INFO  jetty-9.4.44.v20210927; built: 2021-09-27T23:02:44.612Z; git: 8da83308eeca865e495e53ef315a249d63ba9332; jvm 1.8.0_312-b07
2021-12-07 14:07:12 INFO  Started o.e.j.s.ServletContextHandler@76b07f29{/__admin,null,AVAILABLE}
2021-12-07 14:07:12 INFO  RequestHandlerClass from context returned com.github.tomakehurst.wiremock.http.StubRequestHandler. Normalized mapped under returned 'null'
2021-12-07 14:07:12 INFO  Started o.e.j.s.ServletContextHandler@3cce57c7{/,null,AVAILABLE}
2021-12-07 14:07:12 INFO  Started NetworkTrafficServerConnector@489115ef{HTTP/1.1, (http/1.1, h2c)}{0.0.0.0:8089}
2021-12-07 14:07:12 INFO  Started @4143ms
2021-12-07 14:07:12 INFO  RequestHandlerClass from context returned com.github.tomakehurst.wiremock.http.AdminRequestHandler. Normalized mapped under returned 'null'
2021-12-07 14:07:12 ERROR 
                                               Request was not matched
                                               =======================

-----------------------------------------------------------------------------------------------------------------------
| Closest stub                                             | Request                                                  |
-----------------------------------------------------------------------------------------------------------------------
                                                           |
GET                                                        | GET
http://localhost:8089                                      | /                                                   <<<<< URL does not match. URLs must start with a /
                                                           |
                                                           |
-----------------------------------------------------------------------------------------------------------------------

2021-12-07 14:07:13 ERROR 
                                               Request was not matched
                                               =======================

-----------------------------------------------------------------------------------------------------------------------
| Closest stub                                             | Request                                                  |
-----------------------------------------------------------------------------------------------------------------------
                                                           |
GET                                                        | GET
http://localhost:8089                                      | /favicon.ico                                        <<<<< URL does not match. URLs must start with a /
                                                           |
                                                           |
-----------------------------------------------------------------------------------------------------------------------

2021-12-07 14:07:16 ERROR 
                                               Request was not matched
                                               =======================

-----------------------------------------------------------------------------------------------------------------------
| Closest stub                                             | Request                                                  |
-----------------------------------------------------------------------------------------------------------------------
                                                           |
GET                                                        | GET
http://localhost:8089                                      | /                                                   <<<<< URL does not match. URLs must start with a /
                                                           |
                                                           |
-----------------------------------------------------------------------------------------------------------------------

2021-12-07 14:07:17 ERROR 
                                               Request was not matched
                                               =======================

-----------------------------------------------------------------------------------------------------------------------
| Closest stub                                             | Request                                                  |
-----------------------------------------------------------------------------------------------------------------------
                                                           |
GET                                                        | GET
http://localhost:8089                                      | /                                                   <<<<< URL does not match. URLs must start with a /
                                                           |
                                                           |
-----------------------------------------------------------------------------------------------------------------------

2021-12-07 14:07:20 ERROR 
                                               Request was not matched
                                               =======================

-----------------------------------------------------------------------------------------------------------------------
| Closest stub                                             | Request                                                  |
-----------------------------------------------------------------------------------------------------------------------
                                                           |
GET                                                        | GET
http://localhost:8089                                      | /                                                   <<<<< URL does not match. URLs must start with a /
                                                           |
                                                           |
-----------------------------------------------------------------------------------------------------------------------

2021-12-07 14:08:11 INFO  Logging initialized @3025ms to org.eclipse.jetty.util.log.Slf4jLog
2021-12-07 14:08:12 INFO  jetty-9.4.44.v20210927; built: 2021-09-27T23:02:44.612Z; git: 8da83308eeca865e495e53ef315a249d63ba9332; jvm 1.8.0_312-b07
2021-12-07 14:08:12 INFO  Started o.e.j.s.ServletContextHandler@76b07f29{/__admin,null,AVAILABLE}
2021-12-07 14:08:12 INFO  RequestHandlerClass from context returned com.github.tomakehurst.wiremock.http.StubRequestHandler. Normalized mapped under returned 'null'
2021-12-07 14:08:12 INFO  Started o.e.j.s.ServletContextHandler@3cce57c7{/,null,AVAILABLE}
2021-12-07 14:08:12 INFO  Started NetworkTrafficServerConnector@489115ef{HTTP/1.1, (http/1.1, h2c)}{0.0.0.0:8089}
2021-12-07 14:08:12 INFO  Started @3810ms
2021-12-07 14:08:19 INFO  RequestHandlerClass from context returned com.github.tomakehurst.wiremock.http.AdminRequestHandler. Normalized mapped under returned 'null'
2021-12-07 14:08:19 ERROR 
                                               Request was not matched
                                               =======================

-----------------------------------------------------------------------------------------------------------------------
| Closest stub                                             | Request                                                  |
-----------------------------------------------------------------------------------------------------------------------
                                                           |
GET                                                        | GET
http://localhost:8089/login                                | /                                                   <<<<< URL does not match. URLs must start with a /
                                                           |
                                                           |
-----------------------------------------------------------------------------------------------------------------------

2021-12-07 14:08:25 ERROR 
                                               Request was not matched
                                               =======================

-----------------------------------------------------------------------------------------------------------------------
| Closest stub                                             | Request                                                  |
-----------------------------------------------------------------------------------------------------------------------
                                                           |
GET                                                        | GET
http://localhost:8089/login                                | /login                                              <<<<< URL does not match. URLs must start with a /
                                                           |
                                                           |
-----------------------------------------------------------------------------------------------------------------------

2021-12-07 14:08:32 ERROR 
                                               Request was not matched
                                               =======================

-----------------------------------------------------------------------------------------------------------------------
| Closest stub                                             | Request                                                  |
-----------------------------------------------------------------------------------------------------------------------
                                                           |
GET                                                        | GET
http://localhost:8089/login                                | /login                                              <<<<< URL does not match. URLs must start with a /
                                                           |
                                                           |
-----------------------------------------------------------------------------------------------------------------------

2021-12-07 14:08:40 ERROR 
                                               Request was not matched
                                               =======================

-----------------------------------------------------------------------------------------------------------------------
| Closest stub                                             | Request                                                  |
-----------------------------------------------------------------------------------------------------------------------
                                                           |
GET                                                        | GET
http://localhost:8089/login                                | /login/login                                        <<<<< URL does not match. URLs must start with a /
                                                           |
                                                           |
-----------------------------------------------------------------------------------------------------------------------

2021-12-07 14:08:50 ERROR 
                                               Request was not matched
                                               =======================

-----------------------------------------------------------------------------------------------------------------------
| Closest stub                                             | Request                                                  |
-----------------------------------------------------------------------------------------------------------------------
                                                           |
GET                                                        | GET
http://localhost:8089/login                                | /                                                   <<<<< URL does not match. URLs must start with a /
                                                           |
                                                           |
-----------------------------------------------------------------------------------------------------------------------

2021-12-07 14:10:08 INFO  Logging initialized @3580ms to org.eclipse.jetty.util.log.Slf4jLog
2021-12-07 14:10:09 INFO  jetty-9.4.44.v20210927; built: 2021-09-27T23:02:44.612Z; git: 8da83308eeca865e495e53ef315a249d63ba9332; jvm 1.8.0_312-b07
2021-12-07 14:10:09 INFO  Started o.e.j.s.ServletContextHandler@76b07f29{/__admin,null,AVAILABLE}
2021-12-07 14:10:09 INFO  RequestHandlerClass from context returned com.github.tomakehurst.wiremock.http.StubRequestHandler. Normalized mapped under returned 'null'
2021-12-07 14:10:09 INFO  Started o.e.j.s.ServletContextHandler@3cce57c7{/,null,AVAILABLE}
2021-12-07 14:10:09 INFO  Started NetworkTrafficServerConnector@489115ef{HTTP/1.1, (http/1.1, h2c)}{0.0.0.0:8089}
2021-12-07 14:10:09 INFO  Started @4670ms
2021-12-07 14:10:11 INFO  RequestHandlerClass from context returned com.github.tomakehurst.wiremock.http.AdminRequestHandler. Normalized mapped under returned 'null'
2021-12-07 14:10:11 ERROR 
                                               Request was not matched
                                               =======================

-----------------------------------------------------------------------------------------------------------------------
| Closest stub                                             | Request                                                  |
-----------------------------------------------------------------------------------------------------------------------
                                                           |
GET                                                        | GET
/login                                                     | /                                                   <<<<< URL does not match
                                                           |
                                                           |
-----------------------------------------------------------------------------------------------------------------------

2021-12-07 14:10:16 WARN  handleException /login java.io.FileNotFoundException: C:\Users\s4514\IdeaProjects\java-endtoend-fw\src\test\resources\__files\{"status":true} (The filename, directory name, or volume label syntax is incorrect)
2021-12-07 14:10:51 INFO  Logging initialized @4179ms to org.eclipse.jetty.util.log.Slf4jLog
2021-12-07 14:10:52 INFO  jetty-9.4.44.v20210927; built: 2021-09-27T23:02:44.612Z; git: 8da83308eeca865e495e53ef315a249d63ba9332; jvm 1.8.0_312-b07
2021-12-07 14:10:52 INFO  Started o.e.j.s.ServletContextHandler@76b07f29{/__admin,null,AVAILABLE}
2021-12-07 14:10:52 INFO  RequestHandlerClass from context returned com.github.tomakehurst.wiremock.http.StubRequestHandler. Normalized mapped under returned 'null'
2021-12-07 14:10:52 INFO  Started o.e.j.s.ServletContextHandler@3cce57c7{/,null,AVAILABLE}
2021-12-07 14:10:52 INFO  Started NetworkTrafficServerConnector@489115ef{HTTP/1.1, (http/1.1, h2c)}{0.0.0.0:8089}
2021-12-07 14:10:52 INFO  Started @5231ms
2021-12-07 14:35:15 INFO  Logging initialized @3143ms to org.eclipse.jetty.util.log.Slf4jLog
2021-12-07 14:35:16 INFO  jetty-9.4.44.v20210927; built: 2021-09-27T23:02:44.612Z; git: 8da83308eeca865e495e53ef315a249d63ba9332; jvm 1.8.0_312-b07
2021-12-07 14:35:16 INFO  Started o.e.j.s.ServletContextHandler@76b07f29{/__admin,null,AVAILABLE}
2021-12-07 14:35:16 INFO  RequestHandlerClass from context returned com.github.tomakehurst.wiremock.http.StubRequestHandler. Normalized mapped under returned 'null'
2021-12-07 14:35:16 INFO  Started o.e.j.s.ServletContextHandler@3cce57c7{/,null,AVAILABLE}
2021-12-07 14:35:16 INFO  Started NetworkTrafficServerConnector@489115ef{HTTP/1.1, (http/1.1, h2c)}{0.0.0.0:8095}
2021-12-07 14:35:16 INFO  Started @4077ms
2021-12-07 14:35:24 INFO  RequestHandlerClass from context returned com.github.tomakehurst.wiremock.http.AdminRequestHandler. Normalized mapped under returned 'null'
2021-12-07 14:35:24 ERROR No response could be served as there are no stub mappings in this WireMock instance.
2021-12-07 14:35:24 ERROR No response could be served as there are no stub mappings in this WireMock instance.
2021-12-07 22:02:05 ERROR Failed to initialize Autoit: 
2021-12-07 22:02:05 INFO  Checking AutoIt installation
2021-12-07 22:02:05 INFO  
2021-12-07 22:02:32 INFO  End of search: 0 match(es) found.
2021-12-07 22:02:32 INFO  AutoIt already installed: true
2021-12-07 22:02:32 INFO  AutoItX 64 bit version is not installed.
2021-12-07 22:02:32 INFO  Autoit installed.
